<?xml version="1.0" encoding="UTF-8"?>
<testsuite name="org.rayson.redis.RedisTest" tests="2" skipped="0" failures="0" errors="0" timestamp="2018-08-27T07:45:50" hostname="liruideMacBook-Pro.local" time="0.385">
  <properties/>
  <testcase name="testRedisTemplate" classname="org.rayson.redis.RedisTest" time="0.382"/>
  <testcase name="name" classname="org.rayson.redis.RedisTest" time="0.002"/>
  <system-out><![CDATA[2018-08-27 15:45:50.967  INFO 12387 --- [    Test worker] .b.t.c.SpringBootTestContextBootstrapper : Neither @ContextConfiguration nor @ContextHierarchy found for test class [org.rayson.redis.RedisTest], using SpringBootContextLoader
2018-08-27 15:45:50.968  INFO 12387 --- [    Test worker] o.s.t.c.support.AbstractContextLoader    : Could not detect default resource locations for test class [org.rayson.redis.RedisTest]: no resource found for suffixes {-context.xml, Context.groovy}.
2018-08-27 15:45:50.969  INFO 12387 --- [    Test worker] t.c.s.AnnotationConfigContextLoaderUtils : Could not detect default configuration classes for test class [org.rayson.redis.RedisTest]: RedisTest does not declare any static, non-private, non-final, nested classes annotated with @Configuration.
2018-08-27 15:45:50.980  INFO 12387 --- [    Test worker] .b.t.c.SpringBootTestContextBootstrapper : Found @SpringBootConfiguration org.rayson.RaysonApplication for test class org.rayson.redis.RedisTest
2018-08-27 15:45:50.984  INFO 12387 --- [    Test worker] .b.t.c.SpringBootTestContextBootstrapper : Loaded default TestExecutionListener class names from location [META-INF/spring.factories]: [org.springframework.boot.test.autoconfigure.restdocs.RestDocsTestExecutionListener, org.springframework.boot.test.autoconfigure.web.client.MockRestServiceServerResetTestExecutionListener, org.springframework.boot.test.autoconfigure.web.servlet.MockMvcPrintOnlyOnFailureTestExecutionListener, org.springframework.boot.test.autoconfigure.web.servlet.WebDriverTestExecutionListener, org.springframework.boot.test.mock.mockito.MockitoTestExecutionListener, org.springframework.boot.test.mock.mockito.ResetMocksTestExecutionListener, org.springframework.test.context.web.ServletTestExecutionListener, org.springframework.test.context.support.DirtiesContextBeforeModesTestExecutionListener, org.springframework.test.context.support.DependencyInjectionTestExecutionListener, org.springframework.test.context.support.DirtiesContextTestExecutionListener, org.springframework.test.context.transaction.TransactionalTestExecutionListener, org.springframework.test.context.jdbc.SqlScriptsTestExecutionListener]
2018-08-27 15:45:50.984  INFO 12387 --- [    Test worker] .b.t.c.SpringBootTestContextBootstrapper : Using TestExecutionListeners: [org.springframework.test.context.web.ServletTestExecutionListener@692b397a, org.springframework.test.context.support.DirtiesContextBeforeModesTestExecutionListener@6f04fe82, org.springframework.boot.test.mock.mockito.MockitoTestExecutionListener@20a7a625, org.springframework.boot.test.autoconfigure.SpringBootDependencyInjectionTestExecutionListener@749196da, org.springframework.test.context.support.DirtiesContextTestExecutionListener@444191db, org.springframework.test.context.transaction.TransactionalTestExecutionListener@cf9873f, org.springframework.test.context.jdbc.SqlScriptsTestExecutionListener@11f29e0b, org.springframework.boot.test.autoconfigure.restdocs.RestDocsTestExecutionListener@692deda9, org.springframework.boot.test.autoconfigure.web.client.MockRestServiceServerResetTestExecutionListener@21aa661e, org.springframework.boot.test.autoconfigure.web.servlet.MockMvcPrintOnlyOnFailureTestExecutionListener@61aadd6b, org.springframework.boot.test.autoconfigure.web.servlet.WebDriverTestExecutionListener@64ad0593, org.springframework.boot.test.mock.mockito.ResetMocksTestExecutionListener@62ebfc0a]
2018-08-27 15:45:51.136  INFO 12387 --- [    Test worker] io.lettuce.core.EpollProvider            : Starting without optional epoll library
2018-08-27 15:45:51.138  INFO 12387 --- [    Test worker] io.lettuce.core.KqueueProvider           : Starting without optional kqueue library
]]></system-out>
  <system-err><![CDATA[]]></system-err>
</testsuite>
