<?xml version="1.0" encoding="UTF-8"?>
<testsuite name="org.rayson.lambda.LambdaTest" tests="1" skipped="0" failures="0" errors="0" timestamp="2018-08-27T07:45:50" hostname="liruideMacBook-Pro.local" time="0.004">
  <properties/>
  <testcase name="testForLoop" classname="org.rayson.lambda.LambdaTest" time="0.004"/>
  <system-out><![CDATA[1000
1001
1002
Code is: 1000
Code is: 1001
Code is: 1002
]]></system-out>
  <system-err><![CDATA[]]></system-err>
</testsuite>
