<?xml version="1.0" encoding="UTF-8"?>
<testsuite name="org.rayson.BaseTest" tests="1" skipped="0" failures="0" errors="0" timestamp="2018-08-27T07:45:50" hostname="liruideMacBook-Pro.local" time="0.184">
  <properties/>
  <testcase name="name" classname="org.rayson.BaseTest" time="0.184"/>
  <system-out><![CDATA[15:45:43.176 [Test worker] DEBUG org.springframework.test.context.junit4.SpringJUnit4ClassRunner - SpringJUnit4ClassRunner constructor called with [class org.rayson.BaseTest]
15:45:43.187 [Test worker] DEBUG org.springframework.test.context.BootstrapUtils - Instantiating CacheAwareContextLoaderDelegate from class [org.springframework.test.context.cache.DefaultCacheAwareContextLoaderDelegate]
15:45:43.198 [Test worker] DEBUG org.springframework.test.context.BootstrapUtils - Instantiating BootstrapContext using constructor [public org.springframework.test.context.support.DefaultBootstrapContext(java.lang.Class,org.springframework.test.context.CacheAwareContextLoaderDelegate)]
15:45:43.239 [Test worker] DEBUG org.springframework.test.context.BootstrapUtils - Instantiating TestContextBootstrapper for test class [org.rayson.BaseTest] from class [org.springframework.boot.test.context.SpringBootTestContextBootstrapper]
15:45:43.266 [Test worker] INFO org.springframework.boot.test.context.SpringBootTestContextBootstrapper - Neither @ContextConfiguration nor @ContextHierarchy found for test class [org.rayson.BaseTest], using SpringBootContextLoader
15:45:43.270 [Test worker] DEBUG org.springframework.test.context.support.AbstractContextLoader - Did not detect default resource location for test class [org.rayson.BaseTest]: class path resource [org/rayson/BaseTest-context.xml] does not exist
15:45:43.270 [Test worker] DEBUG org.springframework.test.context.support.AbstractContextLoader - Did not detect default resource location for test class [org.rayson.BaseTest]: class path resource [org/rayson/BaseTestContext.groovy] does not exist
15:45:43.271 [Test worker] INFO org.springframework.test.context.support.AbstractContextLoader - Could not detect default resource locations for test class [org.rayson.BaseTest]: no resource found for suffixes {-context.xml, Context.groovy}.
15:45:43.272 [Test worker] INFO org.springframework.test.context.support.AnnotationConfigContextLoaderUtils - Could not detect default configuration classes for test class [org.rayson.BaseTest]: BaseTest does not declare any static, non-private, non-final, nested classes annotated with @Configuration.
15:45:43.343 [Test worker] DEBUG org.springframework.test.context.support.ActiveProfilesUtils - Could not find an 'annotation declaring class' for annotation type [org.springframework.test.context.ActiveProfiles] and class [org.rayson.BaseTest]
15:45:43.355 [Test worker] DEBUG org.springframework.core.env.StandardEnvironment - Adding PropertySource 'systemProperties' with lowest search precedence
15:45:43.355 [Test worker] DEBUG org.springframework.core.env.StandardEnvironment - Adding PropertySource 'systemEnvironment' with lowest search precedence
15:45:43.356 [Test worker] DEBUG org.springframework.core.env.StandardEnvironment - Initialized StandardEnvironment with PropertySources [MapPropertySource@731976331 {name='systemProperties', properties={java.runtime.name=Java(TM) SE Runtime Environment, sun.boot.library.path=/user/local/jdk1.8.0_121.jdk/Contents/Home/jre/lib, java.vm.version=25.121-b13, gopherProxySet=false, java.vm.vendor=Oracle Corporation, java.vendor.url=http://java.oracle.com/, path.separator=:, java.vm.name=Java HotSpot(TM) 64-Bit Server VM, file.encoding.pkg=sun.io, sun.java.launcher=SUN_STANDARD, user.country=CN, sun.os.patch.level=unknown, java.vm.specification.name=Java Virtual Machine Specification, user.dir=/Users/lirui/Documents/code/project-for-java/rayson/rayson, java.runtime.version=1.8.0_121-b13, java.awt.graphicsenv=sun.awt.CGraphicsEnvironment, java.endorsed.dirs=/user/local/jdk1.8.0_121.jdk/Contents/Home/jre/lib/endorsed, os.arch=x86_64, java.io.tmpdir=/var/folders/99/7w9q3tt556d5zcf07btnq2gm0000gn/T/, line.separator=
, java.vm.specification.vendor=Oracle Corporation, user.variant=, os.name=Mac OS X, sun.jnu.encoding=UTF-8, java.library.path=/Users/lirui/Library/Java/Extensions:/Library/Java/Extensions:/Network/Library/Java/Extensions:/System/Library/Java/Extensions:/usr/lib/java:., java.specification.name=Java Platform API Specification, java.class.version=52.0, org.gradle.native=false, sun.management.compiler=HotSpot 64-Bit Tiered Compilers, os.version=10.12.6, user.home=/Users/lirui, user.timezone=Asia/Shanghai, java.awt.printerjob=sun.lwawt.macosx.CPrinterJob, file.encoding=UTF-8, java.specification.version=1.8, java.class.path=/Users/lirui/Documents/code/project-for-java/rayson/rayson/build/classes/java/test:/Users/lirui/Documents/code/project-for-java/rayson/rayson/build/resources/test:/Users/lirui/Documents/code/project-for-java/rayson/rayson/build/classes/java/main:/Users/lirui/Documents/code/project-for-java/rayson/rayson/build/resources/main:/Users/lirui/.gradle/caches/modules-2/files-2.1/mysql/mysql-connector-java/5.1.38/dbbd7cd309ce167ec8367de4e41c63c2c8593cc5/mysql-connector-java-5.1.38.jar:/Users/lirui/.gradle/caches/modules-2/files-2.1/org.springframework.boot/spring-boot-starter-web/2.0.3.RELEASE/41fd4180bea3813de8f3c602b5a126218360315b/spring-boot-starter-web-2.0.3.RELEASE.jar:/Users/lirui/.gradle/caches/modules-2/files-2.1/org.springframework.boot/spring-boot-starter-data-redis/2.0.3.RELEASE/185ecf67f81960c8762991a08f6c119f9100c788/spring-boot-starter-data-redis-2.0.3.RELEASE.jar:/Users/lirui/.gradle/caches/modules-2/files-2.1/org.mybatis.spring.boot/mybatis-spring-boot-starter/1.3.1/f67bd22f518df4b56e6647c90692529af4715a10/mybatis-spring-boot-starter-1.3.1.jar:/Users/lirui/.gradle/caches/modules-2/files-2.1/org.springframework.boot/spring-boot-starter-test/2.0.3.RELEASE/1c624b1cc217bac010abce7a28df8169af4a7fa0/spring-boot-starter-test-2.0.3.RELEASE.jar:/Users/lirui/.gradle/caches/modules-2/files-2.1/org.springframework.boot/spring-boot-starter-json/2.0.3.RELEASE/2e389a8727588c549c28bb277f0f573f65554850/spring-boot-starter-json-2.0.3.RELEASE.jar:/Users/lirui/.gradle/caches/modules-2/files-2.1/org.springframework.boot/spring-boot-starter-jdbc/1.5.6.RELEASE/a2628fded329869fcdb812d7524d03376f4f64ed/spring-boot-starter-jdbc-1.5.6.RELEASE.jar:/Users/lirui/.gradle/caches/modules-2/files-2.1/org.springframework.boot/spring-boot-starter/2.0.3.RELEASE/ffaa050dbd36b0441645598f1a7ddaf67fd5e678/spring-boot-starter-2.0.3.RELEASE.jar:/Users/lirui/.gradle/caches/modules-2/files-2.1/junit/junit/4.12/2973d150c0dc1fefe998f834810d68f278ea58ec/junit-4.12.jar:/Users/lirui/.gradle/caches/modules-2/files-2.1/org.mybatis.spring.boot/mybatis-spring-boot-autoconfigure/1.3.1/af4ba7d4594459cbad87cb5561c271da26df3aa/mybatis-spring-boot-autoconfigure-1.3.1.jar:/Users/lirui/.gradle/caches/modules-2/files-2.1/org.springframework.boot/spring-boot-test-autoconfigure/2.0.3.RELEASE/54e7d2167f2b926bf16a0ef8b91b6bfbd43826e7/spring-boot-test-autoconfigure-2.0.3.RELEASE.jar:/Users/lirui/.gradle/caches/modules-2/files-2.1/org.springframework.boot/spring-boot-autoconfigure/2.0.3.RELEASE/11bc4cc96b08fabad2b3186755818fa0b32d83f/spring-boot-autoconfigure-2.0.3.RELEASE.jar:/Users/lirui/.gradle/caches/modules-2/files-2.1/org.springframework.boot/spring-boot-test/2.0.3.RELEASE/5c9b4bb6cfce9ef6e53a0ff5fc4a7ff2867871d8/spring-boot-test-2.0.3.RELEASE.jar:/Users/lirui/.gradle/caches/modules-2/files-2.1/org.springframework.boot/spring-boot/2.0.3.RELEASE/b874870d915adbc3dd932e19077d3d45c8e54aa0/spring-boot-2.0.3.RELEASE.jar:/Users/lirui/.gradle/caches/modules-2/files-2.1/org.springframework.boot/spring-boot-starter-logging/2.0.3.RELEASE/7caad34f01d2688919e15e09a90467963e3d5190/spring-boot-starter-logging-2.0.3.RELEASE.jar:/Users/lirui/.gradle/caches/modules-2/files-2.1/org.springframework.boot/spring-boot-starter-tomcat/2.0.3.RELEASE/25a51a75bfb997b7b95d6760178ee3303863ec4b/spring-boot-starter-tomcat-2.0.3.RELEASE.jar:/Users/lirui/.gradle/caches/modules-2/files-2.1/javax.annotation/javax.annotation-api/1.3.2/934c04d3cfef185a8008e7bf34331b79730a9d43/javax.annotation-api-1.3.2.jar:/Users/lirui/.gradle/caches/modules-2/files-2.1/org.springframework/spring-webmvc/5.0.7.RELEASE/751c871527ec7ff335ffc76f2e737e297c0a8d30/spring-webmvc-5.0.7.RELEASE.jar:/Users/lirui/.gradle/caches/modules-2/files-2.1/org.springframework/spring-web/5.0.7.RELEASE/2e04c6c2922fbfa06b5948be14a5782db168b6ec/spring-web-5.0.7.RELEASE.jar:/Users/lirui/.gradle/caches/modules-2/files-2.1/org.springframework/spring-test/5.0.7.RELEASE/bcb7505a316ea34b7e9a7ae5d4921be5b475c02d/spring-test-5.0.7.RELEASE.jar:/Users/lirui/.gradle/caches/modules-2/files-2.1/org.springframework.data/spring-data-redis/2.0.8.RELEASE/2cc8ad667c12fac887909d33e3ca08478a5bad45/spring-data-redis-2.0.8.RELEASE.jar:/Users/lirui/.gradle/caches/modules-2/files-2.1/org.springframework.data/spring-data-keyvalue/2.0.8.RELEASE/f774c9cbf07dba0426066308c48fe0e0fc3a276b/spring-data-keyvalue-2.0.8.RELEASE.jar:/Users/lirui/.gradle/caches/modules-2/files-2.1/org.springframework/spring-context-support/5.0.7.RELEASE/e8ee4902d9d8bfbb21bc5e8f30cfbb4324adb4f3/spring-context-support-5.0.7.RELEASE.jar:/Users/lirui/.gradle/caches/modules-2/files-2.1/org.springframework/spring-context/5.0.7.RELEASE/243a23f8968de8754d8199d669780d683ab177bd/spring-context-5.0.7.RELEASE.jar:/Users/lirui/.gradle/caches/modules-2/files-2.1/org.springframework/spring-aop/5.0.7.RELEASE/fdd0b6aa3c9c7a188c3bfbf6dfd8d40e843be9ef/spring-aop-5.0.7.RELEASE.jar:/Users/lirui/.gradle/caches/modules-2/files-2.1/org.springframework/spring-oxm/5.0.7.RELEASE/d85d5116e7673c2cf369491e5f34e23d2089eec3/spring-oxm-5.0.7.RELEASE.jar:/Users/lirui/.gradle/caches/modules-2/files-2.1/org.springframework/spring-jdbc/4.3.10.RELEASE/91e2f69e633f8eac5d5ef516595556ab7db87f3d/spring-jdbc-4.3.10.RELEASE.jar:/Users/lirui/.gradle/caches/modules-2/files-2.1/org.springframework.data/spring-data-commons/2.0.8.RELEASE/5c19af63b5acb0eab39066684e813d5ecd9d03b7/spring-data-commons-2.0.8.RELEASE.jar:/Users/lirui/.gradle/caches/modules-2/files-2.1/org.springframework/spring-tx/5.0.7.RELEASE/4ca59b21c61162adb146ad1b40c30b60d8dc42b8/spring-tx-5.0.7.RELEASE.jar:/Users/lirui/.gradle/caches/modules-2/files-2.1/org.springframework/spring-beans/5.0.7.RELEASE/c1196cb3e56da83e3c3a02ef323699f4b05feedc/spring-beans-5.0.7.RELEASE.jar:/Users/lirui/.gradle/caches/modules-2/files-2.1/org.springframework/spring-expression/5.0.7.RELEASE/ca01fb473f53dd0ee3c85663b26d5dc325602057/spring-expression-5.0.7.RELEASE.jar:/Users/lirui/.gradle/caches/modules-2/files-2.1/org.springframework/spring-core/5.0.7.RELEASE/54b731178d81e66eca9623df772ff32718208137/spring-core-5.0.7.RELEASE.jar:/Users/lirui/.gradle/caches/modules-2/files-2.1/org.yaml/snakeyaml/1.19/2d998d3d674b172a588e54ab619854d073f555b5/snakeyaml-1.19.jar:/Users/lirui/.gradle/caches/modules-2/files-2.1/org.hibernate.validator/hibernate-validator/6.0.10.Final/4236051a8d209c00f85e70918d5e26d9f3e5201e/hibernate-validator-6.0.10.Final.jar:/Users/lirui/.gradle/caches/modules-2/files-2.1/io.lettuce/lettuce-core/5.0.4.RELEASE/ff59baa993b5ee0111cf6c5eeab004609f85a9e5/lettuce-core-5.0.4.RELEASE.jar:/Users/lirui/.gradle/caches/modules-2/files-2.1/org.mybatis/mybatis/3.4.5/5200759b13f70652995fd206a52fdc98b01c65cd/mybatis-3.4.5.jar:/Users/lirui/.gradle/caches/modules-2/files-2.1/org.mybatis/mybatis-spring/1.3.1/5197169e15a43066f177a1cd12a098e1283fdc76/mybatis-spring-1.3.1.jar:/Users/lirui/.gradle/caches/modules-2/files-2.1/org.hamcrest/hamcrest-library/1.3/4785a3c21320980282f9f33d0d1264a69040538f/hamcrest-library-1.3.jar:/Users/lirui/.gradle/caches/modules-2/files-2.1/org.hamcrest/hamcrest-core/1.3/42a25dc3219429f0e5d060061f71acb49bf010a0/hamcrest-core-1.3.jar:/Users/lirui/.gradle/caches/modules-2/files-2.1/com.jayway.jsonpath/json-path/2.4.0/765a4401ceb2dc8d40553c2075eb80a8fa35c2ae/json-path-2.4.0.jar:/Users/lirui/.gradle/caches/modules-2/files-2.1/org.assertj/assertj-core/3.9.1/c5ce126b15f28d56cd8f960c1a6a058b9c9aea87/assertj-core-3.9.1.jar:/Users/lirui/.gradle/caches/modules-2/files-2.1/org.mockito/mockito-core/2.15.0/b84bfbbc29cd22c9529409627af6ea2897f4fa85/mockito-core-2.15.0.jar:/Users/lirui/.gradle/caches/modules-2/files-2.1/org.skyscreamer/jsonassert/1.5.0/6c9d5fe2f59da598d9aefc1cfc6528ff3cf32df3/jsonassert-1.5.0.jar:/Users/lirui/.gradle/caches/modules-2/files-2.1/org.xmlunit/xmlunit-core/2.5.1/4ffdb346572a7356f7521cd3119ce5287d2e339d/xmlunit-core-2.5.1.jar:/Users/lirui/.gradle/caches/modules-2/files-2.1/ch.qos.logback/logback-classic/1.2.3/7c4f3c474fb2c041d8028740440937705ebb473a/logback-classic-1.2.3.jar:/Users/lirui/.gradle/caches/modules-2/files-2.1/org.apache.logging.log4j/log4j-to-slf4j/2.10.0/f7e631ccf49cfc0aefa4a2a728da7d374c05bd3c/log4j-to-slf4j-2.10.0.jar:/Users/lirui/.gradle/caches/modules-2/files-2.1/org.slf4j/jul-to-slf4j/1.7.25/af5364cd6679bfffb114f0dec8a157aaa283b76/jul-to-slf4j-1.7.25.jar:/Users/lirui/.gradle/caches/modules-2/files-2.1/org.springframework/spring-jcl/5.0.7.RELEASE/699016ddf454c2c167d9f84ae5777eccadf54728/spring-jcl-5.0.7.RELEASE.jar:/Users/lirui/.gradle/caches/modules-2/files-2.1/com.fasterxml.jackson.datatype/jackson-datatype-jdk8/2.9.6/456895fc91bf7180b216fead220373e6278230c9/jackson-datatype-jdk8-2.9.6.jar:/Users/lirui/.gradle/caches/modules-2/files-2.1/com.fasterxml.jackson.datatype/jackson-datatype-jsr310/2.9.6/ea54f6193d224e5e5732bbd4262327eb465397c2/jackson-datatype-jsr310-2.9.6.jar:/Users/lirui/.gradle/caches/modules-2/files-2.1/com.fasterxml.jackson.module/jackson-module-parameter-names/2.9.6/129acd77a4b6ee30d62d3a0899b1344c8ec2bff8/jackson-module-parameter-names-2.9.6.jar:/Users/lirui/.gradle/caches/modules-2/files-2.1/com.fasterxml.jackson.core/jackson-databind/2.9.6/cfa4f316351a91bfd95cb0644c6a2c95f52db1fc/jackson-databind-2.9.6.jar:/Users/lirui/.gradle/caches/modules-2/files-2.1/org.apache.tomcat.embed/tomcat-embed-websocket/8.5.31/6564e716b89de5eaa0dd234ae7989576503ddf3/tomcat-embed-websocket-8.5.31.jar:/Users/lirui/.gradle/caches/modules-2/files-2.1/org.apache.tomcat.embed/tomcat-embed-core/8.5.31/f5adf7ed8c34aa005b22b6a2dc7b6796e10e9c79/tomcat-embed-core-8.5.31.jar:/Users/lirui/.gradle/caches/modules-2/files-2.1/org.apache.tomcat.embed/tomcat-embed-el/8.5.31/3a536e1ac71b82627c3a7408eb38fa0704cb9034/tomcat-embed-el-8.5.31.jar:/Users/lirui/.gradle/caches/modules-2/files-2.1/javax.validation/validation-api/2.0.1.Final/cb855558e6271b1b32e716d24cb85c7f583ce09e/validation-api-2.0.1.Final.jar:/Users/lirui/.gradle/caches/modules-2/files-2.1/org.jboss.logging/jboss-logging/3.3.2.Final/3789d00e859632e6c6206adc0c71625559e6e3b0/jboss-logging-3.3.2.Final.jar:/Users/lirui/.gradle/caches/modules-2/files-2.1/com.fasterxml/classmate/1.3.4/3d5f48f10bbe4eb7bd862f10c0583be2e0053c6/classmate-1.3.4.jar:/Users/lirui/.gradle/caches/modules-2/files-2.1/org.slf4j/slf4j-api/1.7.25/da76ca59f6a57ee3102f8f9bd9cee742973efa8a/slf4j-api-1.7.25.jar:/Users/lirui/.gradle/caches/modules-2/files-2.1/io.projectreactor/reactor-core/3.1.6.RELEASE/64dfad0f0a0e9022c949d678106d53f083b66d05/reactor-core-3.1.6.RELEASE.jar:/Users/lirui/.gradle/caches/modules-2/files-2.1/io.netty/netty-handler/4.1.24.Final/bad56e7da211c5ebe031ae155cb648b1065c7bb6/netty-handler-4.1.24.Final.jar:/Users/lirui/.gradle/caches/modules-2/files-2.1/io.netty/netty-codec/4.1.24.Final/290857e5103956bbda11836e33245f2439226b77/netty-codec-4.1.24.Final.jar:/Users/lirui/.gradle/caches/modules-2/files-2.1/io.netty/netty-transport/4.1.24.Final/d37292c94d3a4cba48d9b6cfb6e8e55282035d0d/netty-transport-4.1.24.Final.jar:/Users/lirui/.gradle/caches/modules-2/files-2.1/io.netty/netty-buffer/4.1.24.Final/e354bed2e60b568307138e403f55ba241c1c16d2/netty-buffer-4.1.24.Final.jar:/Users/lirui/.gradle/caches/modules-2/files-2.1/io.netty/netty-resolver/4.1.24.Final/dbc1e5b50d31aed883ea3beeb6489e1977d0687f/netty-resolver-4.1.24.Final.jar:/Users/lirui/.gradle/caches/modules-2/files-2.1/io.netty/netty-common/4.1.24.Final/7eeecd7906543214c3c1c984d275d3c6de10b99d/netty-common-4.1.24.Final.jar:/Users/lirui/.gradle/caches/modules-2/files-2.1/org.apache.tomcat/tomcat-jdbc/8.5.16/c4b7a82f4f4276f0c76e9db11fb2653e6582bfb3/tomcat-jdbc-8.5.16.jar:/Users/lirui/.gradle/caches/modules-2/files-2.1/net.minidev/json-smart/2.3/7396407491352ce4fa30de92efb158adb76b5b/json-smart-2.3.jar:/Users/lirui/.gradle/caches/modules-2/files-2.1/net.bytebuddy/byte-buddy/1.7.9/51218a01a882c04d0aba8c028179cce488bbcb58/byte-buddy-1.7.9.jar:/Users/lirui/.gradle/caches/modules-2/files-2.1/net.bytebuddy/byte-buddy-agent/1.7.9/a6c65f9da7f467ee1f02ff2841ffd3155aee2fc9/byte-buddy-agent-1.7.9.jar:/Users/lirui/.gradle/caches/modules-2/files-2.1/org.objenesis/objenesis/2.6/639033469776fd37c08358c6b92a4761feb2af4b/objenesis-2.6.jar:/Users/lirui/.gradle/caches/modules-2/files-2.1/com.vaadin.external.google/android-json/0.0.20131108.vaadin1/fa26d351fe62a6a17f5cda1287c1c6110dec413f/android-json-0.0.20131108.vaadin1.jar:/Users/lirui/.gradle/caches/modules-2/files-2.1/ch.qos.logback/logback-core/1.2.3/864344400c3d4d92dfeb0a305dc87d953677c03c/logback-core-1.2.3.jar:/Users/lirui/.gradle/caches/modules-2/files-2.1/org.apache.logging.log4j/log4j-api/2.10.0/fec5797a55b786184a537abd39c3fa1449d752d6/log4j-api-2.10.0.jar:/Users/lirui/.gradle/caches/modules-2/files-2.1/com.fasterxml.jackson.core/jackson-annotations/2.9.0/7c10d545325e3a6e72e06381afe469fd40eb701/jackson-annotations-2.9.0.jar:/Users/lirui/.gradle/caches/modules-2/files-2.1/com.fasterxml.jackson.core/jackson-core/2.9.6/4e393793c37c77e042ccc7be5a914ae39251b365/jackson-core-2.9.6.jar:/Users/lirui/.gradle/caches/modules-2/files-2.1/org.reactivestreams/reactive-streams/1.0.2/323964c36556eb0e6209f65c1cef72b53b461ab8/reactive-streams-1.0.2.jar:/Users/lirui/.gradle/caches/modules-2/files-2.1/org.apache.tomcat/tomcat-juli/8.5.16/e9e65481ee92eaf7dace280320f28139d485c958/tomcat-juli-8.5.16.jar:/Users/lirui/.gradle/caches/modules-2/files-2.1/net.minidev/accessors-smart/1.2/c592b500269bfde36096641b01238a8350f8aa31/accessors-smart-1.2.jar:/Users/lirui/.gradle/caches/modules-2/files-2.1/org.apache.tomcat/tomcat-annotations-api/8.5.31/f0758d8b5d1404cc25f98945bdd5959699658b4a/tomcat-annotations-api-8.5.31.jar:/Users/lirui/.gradle/caches/modules-2/files-2.1/org.ow2.asm/asm/5.0.4/da08b8cce7bbf903602a25a3a163ae252435795/asm-5.0.4.jar, user.name=lirui, java.vm.specification.version=1.8, sun.java.command=worker.org.gradle.process.internal.worker.GradleWorkerMain 'Gradle Test Executor 3', java.home=/user/local/jdk1.8.0_121.jdk/Contents/Home/jre, sun.arch.data.model=64, user.language=zh, java.specification.vendor=Oracle Corporation, awt.toolkit=sun.lwawt.macosx.LWCToolkit, java.vm.info=mixed mode, java.version=1.8.0_121, java.ext.dirs=/Users/lirui/Library/Java/Extensions:/user/local/jdk1.8.0_121.jdk/Contents/Home/jre/lib/ext:/Library/Java/Extensions:/Network/Library/Java/Extensions:/System/Library/Java/Extensions:/usr/lib/java, sun.boot.class.path=/user/local/jdk1.8.0_121.jdk/Contents/Home/jre/lib/resources.jar:/user/local/jdk1.8.0_121.jdk/Contents/Home/jre/lib/rt.jar:/user/local/jdk1.8.0_121.jdk/Contents/Home/jre/lib/sunrsasign.jar:/user/local/jdk1.8.0_121.jdk/Contents/Home/jre/lib/jsse.jar:/user/local/jdk1.8.0_121.jdk/Contents/Home/jre/lib/jce.jar:/user/local/jdk1.8.0_121.jdk/Contents/Home/jre/lib/charsets.jar:/user/local/jdk1.8.0_121.jdk/Contents/Home/jre/lib/jfr.jar:/user/local/jdk1.8.0_121.jdk/Contents/Home/jre/classes, java.vendor=Oracle Corporation, org.gradle.test.worker=3, file.separator=/, java.vendor.url.bug=http://bugreport.sun.com/bugreport/, sun.io.unicode.encoding=UnicodeBig, sun.cpu.endian=little, sun.cpu.isalist=}}, SystemEnvironmentPropertySource@1064247885 {name='systemEnvironment', properties={PATH=/Users/lirui/anaconda3/bin:/usr/local/bin:/usr/bin:/bin:/usr/sbin:/sbin:/usr/local/Cellar/hadoop/3.0.0/sbin:/usr/local/Cellar/hadoop/3.0.0/bin:/usr/local/Cellar/gradle/4.7/bin/bin:/user/local/jdk1.8.0_121.jdk/Contents/Home/bin:/user/local/apache-tomcat-8.0.41/bin:/Users/lirui/Documents/tools/for-code/zk/bin:/Users/lirui/Documents/tools/for-code/hadoop-3.1.0/bin:/usr/local/Cellar/rabbitmq/3.7.4/sbin, ZDOTDIR=, JAVA_HOME=/user/local/jdk1.8.0_121.jdk/Contents/Home, TERM=xterm-256color, GRADLE_HOME=/usr/local/Cellar/gradle/4.7/bin, LOGNAME=lirui, TOMCAT_HOME=/user/local/apache-tomcat-8.0.41, XPC_SERVICE_NAME=0, PWD=/Users/lirui/Documents/code/project-for-java/rayson/rayson, JAVA_MAIN_CLASS_12387=worker.org.gradle.process.internal.worker.GradleWorkerMain, SHELL=/bin/zsh, JAVA_MAIN_CLASS_12369=org.gradle.wrapper.GradleWrapperMain, PAGER=less, LSCOLORS=Gxfxcxdxbxegedabagacad, APP_ICON_12369=/Users/lirui/Documents/code/project-for-java/rayson/rayson/media/gradle.icns, OLDPWD=/Users/lirui/Documents/code/project-for-java/rayson/rayson, APP_NAME_12369=Gradle, USER=lirui, ZSH=/Users/lirui/.oh-my-zsh, TMPDIR=/var/folders/99/7w9q3tt556d5zcf07btnq2gm0000gn/T/, SSH_AUTH_SOCK=/private/tmp/com.apple.launchd.zK4xYTJdYS/Listeners, RABBITMQ_HOME=/usr/local/Cellar/rabbitmq/3.7.4, XPC_FLAGS=0x0, HADOOP_HOME=/Users/lirui/Documents/tools/for-code/hadoop-3.1.0, __CF_USER_TEXT_ENCODING=0x1F5:0x19:0x34, Apple_PubSub_Socket_Render=/private/tmp/com.apple.launchd.YbvIbyKIpG/Render, LESS=-R, LC_CTYPE=en_US.UTF-8, HOME=/Users/lirui, SHLVL=1, ZOOKEEPER_HOME=/Users/lirui/Documents/tools/for-code/zk}}]
15:45:43.376 [Test worker] DEBUG org.springframework.core.io.support.PathMatchingResourcePatternResolver - Resolved classpath location [org/rayson/] to resources [URL [file:/Users/lirui/Documents/code/project-for-java/rayson/rayson/build/classes/java/test/org/rayson/], URL [file:/Users/lirui/Documents/code/project-for-java/rayson/rayson/build/classes/java/main/org/rayson/]]
15:45:43.376 [Test worker] DEBUG org.springframework.core.io.support.PathMatchingResourcePatternResolver - Looking for matching resources in directory tree [/Users/lirui/Documents/code/project-for-java/rayson/rayson/build/classes/java/test/org/rayson]
15:45:43.377 [Test worker] DEBUG org.springframework.core.io.support.PathMatchingResourcePatternResolver - Searching directory [/Users/lirui/Documents/code/project-for-java/rayson/rayson/build/classes/java/test/org/rayson] for files matching pattern [/Users/lirui/Documents/code/project-for-java/rayson/rayson/build/classes/java/test/org/rayson/*.class]
15:45:43.381 [Test worker] DEBUG org.springframework.core.io.support.PathMatchingResourcePatternResolver - Looking for matching resources in directory tree [/Users/lirui/Documents/code/project-for-java/rayson/rayson/build/classes/java/main/org/rayson]
15:45:43.381 [Test worker] DEBUG org.springframework.core.io.support.PathMatchingResourcePatternResolver - Searching directory [/Users/lirui/Documents/code/project-for-java/rayson/rayson/build/classes/java/main/org/rayson] for files matching pattern [/Users/lirui/Documents/code/project-for-java/rayson/rayson/build/classes/java/main/org/rayson/*.class]
15:45:43.382 [Test worker] DEBUG org.springframework.core.io.support.PathMatchingResourcePatternResolver - Resolved location pattern [classpath*:org/rayson/*.class] to resources [file [/Users/lirui/Documents/code/project-for-java/rayson/rayson/build/classes/java/test/org/rayson/BaseTest.class], file [/Users/lirui/Documents/code/project-for-java/rayson/rayson/build/classes/java/main/org/rayson/MybatisScanConfigure.class], file [/Users/lirui/Documents/code/project-for-java/rayson/rayson/build/classes/java/main/org/rayson/RaysonApplication.class]]
15:45:43.460 [Test worker] DEBUG org.springframework.context.annotation.ClassPathScanningCandidateComponentProvider - Identified candidate component class: file [/Users/lirui/Documents/code/project-for-java/rayson/rayson/build/classes/java/main/org/rayson/RaysonApplication.class]
15:45:43.463 [Test worker] INFO org.springframework.boot.test.context.SpringBootTestContextBootstrapper - Found @SpringBootConfiguration org.rayson.RaysonApplication for test class org.rayson.BaseTest
15:45:43.666 [Test worker] DEBUG org.springframework.boot.test.context.SpringBootTestContextBootstrapper - @TestExecutionListeners is not present for class [org.rayson.BaseTest]: using defaults.
15:45:43.667 [Test worker] INFO org.springframework.boot.test.context.SpringBootTestContextBootstrapper - Loaded default TestExecutionListener class names from location [META-INF/spring.factories]: [org.springframework.boot.test.autoconfigure.restdocs.RestDocsTestExecutionListener, org.springframework.boot.test.autoconfigure.web.client.MockRestServiceServerResetTestExecutionListener, org.springframework.boot.test.autoconfigure.web.servlet.MockMvcPrintOnlyOnFailureTestExecutionListener, org.springframework.boot.test.autoconfigure.web.servlet.WebDriverTestExecutionListener, org.springframework.boot.test.mock.mockito.MockitoTestExecutionListener, org.springframework.boot.test.mock.mockito.ResetMocksTestExecutionListener, org.springframework.test.context.web.ServletTestExecutionListener, org.springframework.test.context.support.DirtiesContextBeforeModesTestExecutionListener, org.springframework.test.context.support.DependencyInjectionTestExecutionListener, org.springframework.test.context.support.DirtiesContextTestExecutionListener, org.springframework.test.context.transaction.TransactionalTestExecutionListener, org.springframework.test.context.jdbc.SqlScriptsTestExecutionListener]
15:45:43.981 [Test worker] INFO org.springframework.boot.test.context.SpringBootTestContextBootstrapper - Using TestExecutionListeners: [org.springframework.test.context.web.ServletTestExecutionListener@5c16ddd7, org.springframework.test.context.support.DirtiesContextBeforeModesTestExecutionListener@72b78802, org.springframework.boot.test.mock.mockito.MockitoTestExecutionListener@39d037e0, org.springframework.boot.test.autoconfigure.SpringBootDependencyInjectionTestExecutionListener@21a80760, org.springframework.test.context.support.DirtiesContextTestExecutionListener@4bba8ee7, org.springframework.test.context.transaction.TransactionalTestExecutionListener@503e80a, org.springframework.test.context.jdbc.SqlScriptsTestExecutionListener@3dd4b07d, org.springframework.boot.test.autoconfigure.restdocs.RestDocsTestExecutionListener@5ca633a0, org.springframework.boot.test.autoconfigure.web.client.MockRestServiceServerResetTestExecutionListener@43f44365, org.springframework.boot.test.autoconfigure.web.servlet.MockMvcPrintOnlyOnFailureTestExecutionListener@59ada0a9, org.springframework.boot.test.autoconfigure.web.servlet.WebDriverTestExecutionListener@41e2b4b9, org.springframework.boot.test.mock.mockito.ResetMocksTestExecutionListener@2cb4a416]
15:45:43.986 [Test worker] DEBUG org.springframework.test.annotation.ProfileValueUtils - Retrieved @ProfileValueSourceConfiguration [null] for test class [org.rayson.BaseTest]
15:45:43.986 [Test worker] DEBUG org.springframework.test.annotation.ProfileValueUtils - Retrieved ProfileValueSource type [class org.springframework.test.annotation.SystemProfileValueSource] for class [org.rayson.BaseTest]
15:45:43.987 [Test worker] DEBUG org.springframework.test.annotation.ProfileValueUtils - Retrieved @ProfileValueSourceConfiguration [null] for test class [org.rayson.BaseTest]
15:45:43.988 [Test worker] DEBUG org.springframework.test.annotation.ProfileValueUtils - Retrieved ProfileValueSource type [class org.springframework.test.annotation.SystemProfileValueSource] for class [org.rayson.BaseTest]
15:45:43.993 [Test worker] DEBUG org.springframework.test.context.support.AbstractDirtiesContextTestExecutionListener - Before test class: context [DefaultTestContext@8ad68f testClass = BaseTest, testInstance = [null], testMethod = [null], testException = [null], mergedContextConfiguration = [WebMergedContextConfiguration@1967283e testClass = BaseTest, locations = '{}', classes = '{class org.rayson.RaysonApplication}', contextInitializerClasses = '[]', activeProfiles = '{}', propertySourceLocations = '{}', propertySourceProperties = '{org.springframework.boot.test.context.SpringBootTestContextBootstrapper=true}', contextCustomizers = set[org.springframework.boot.test.autoconfigure.properties.PropertyMappingContextCustomizer@0, org.springframework.boot.test.autoconfigure.web.servlet.WebDriverContextCustomizerFactory$Customizer@490ff1ef, org.springframework.boot.test.context.filter.ExcludeFilterContextCustomizer@5e5123e3, org.springframework.boot.test.json.DuplicateJsonObjectContextCustomizerFactory$DuplicateJsonObjectContextCustomizer@1864f9e3, org.springframework.boot.test.mock.mockito.MockitoContextCustomizer@0, org.springframework.boot.test.web.client.TestRestTemplateContextCustomizer@6169ac83], resourceBasePath = 'src/main/webapp', contextLoader = 'org.springframework.boot.test.context.SpringBootContextLoader', parent = [null]], attributes = map['org.springframework.test.context.web.ServletTestExecutionListener.activateListener' -> true]], class annotated with @DirtiesContext [false] with mode [null].
15:45:43.994 [Test worker] DEBUG org.springframework.test.annotation.ProfileValueUtils - Retrieved @ProfileValueSourceConfiguration [null] for test class [org.rayson.BaseTest]
15:45:43.995 [Test worker] DEBUG org.springframework.test.annotation.ProfileValueUtils - Retrieved ProfileValueSource type [class org.springframework.test.annotation.SystemProfileValueSource] for class [org.rayson.BaseTest]
15:45:44.015 [Test worker] DEBUG org.springframework.core.env.StandardEnvironment - Adding PropertySource 'systemProperties' with lowest search precedence
15:45:44.015 [Test worker] DEBUG org.springframework.core.env.StandardEnvironment - Adding PropertySource 'systemEnvironment' with lowest search precedence
15:45:44.016 [Test worker] DEBUG org.springframework.core.env.StandardEnvironment - Initialized StandardEnvironment with PropertySources [MapPropertySource@678275097 {name='systemProperties', properties={java.runtime.name=Java(TM) SE Runtime Environment, sun.boot.library.path=/user/local/jdk1.8.0_121.jdk/Contents/Home/jre/lib, java.vm.version=25.121-b13, gopherProxySet=false, java.vm.vendor=Oracle Corporation, java.vendor.url=http://java.oracle.com/, path.separator=:, java.vm.name=Java HotSpot(TM) 64-Bit Server VM, file.encoding.pkg=sun.io, sun.java.launcher=SUN_STANDARD, user.country=CN, sun.os.patch.level=unknown, java.vm.specification.name=Java Virtual Machine Specification, user.dir=/Users/lirui/Documents/code/project-for-java/rayson/rayson, java.runtime.version=1.8.0_121-b13, java.awt.graphicsenv=sun.awt.CGraphicsEnvironment, java.endorsed.dirs=/user/local/jdk1.8.0_121.jdk/Contents/Home/jre/lib/endorsed, os.arch=x86_64, java.io.tmpdir=/var/folders/99/7w9q3tt556d5zcf07btnq2gm0000gn/T/, line.separator=
, java.vm.specification.vendor=Oracle Corporation, user.variant=, os.name=Mac OS X, sun.jnu.encoding=UTF-8, java.library.path=/Users/lirui/Library/Java/Extensions:/Library/Java/Extensions:/Network/Library/Java/Extensions:/System/Library/Java/Extensions:/usr/lib/java:., java.specification.name=Java Platform API Specification, java.class.version=52.0, org.gradle.native=false, sun.management.compiler=HotSpot 64-Bit Tiered Compilers, os.version=10.12.6, user.home=/Users/lirui, user.timezone=Asia/Shanghai, java.awt.printerjob=sun.lwawt.macosx.CPrinterJob, file.encoding=UTF-8, java.specification.version=1.8, java.class.path=/Users/lirui/Documents/code/project-for-java/rayson/rayson/build/classes/java/test:/Users/lirui/Documents/code/project-for-java/rayson/rayson/build/resources/test:/Users/lirui/Documents/code/project-for-java/rayson/rayson/build/classes/java/main:/Users/lirui/Documents/code/project-for-java/rayson/rayson/build/resources/main:/Users/lirui/.gradle/caches/modules-2/files-2.1/mysql/mysql-connector-java/5.1.38/dbbd7cd309ce167ec8367de4e41c63c2c8593cc5/mysql-connector-java-5.1.38.jar:/Users/lirui/.gradle/caches/modules-2/files-2.1/org.springframework.boot/spring-boot-starter-web/2.0.3.RELEASE/41fd4180bea3813de8f3c602b5a126218360315b/spring-boot-starter-web-2.0.3.RELEASE.jar:/Users/lirui/.gradle/caches/modules-2/files-2.1/org.springframework.boot/spring-boot-starter-data-redis/2.0.3.RELEASE/185ecf67f81960c8762991a08f6c119f9100c788/spring-boot-starter-data-redis-2.0.3.RELEASE.jar:/Users/lirui/.gradle/caches/modules-2/files-2.1/org.mybatis.spring.boot/mybatis-spring-boot-starter/1.3.1/f67bd22f518df4b56e6647c90692529af4715a10/mybatis-spring-boot-starter-1.3.1.jar:/Users/lirui/.gradle/caches/modules-2/files-2.1/org.springframework.boot/spring-boot-starter-test/2.0.3.RELEASE/1c624b1cc217bac010abce7a28df8169af4a7fa0/spring-boot-starter-test-2.0.3.RELEASE.jar:/Users/lirui/.gradle/caches/modules-2/files-2.1/org.springframework.boot/spring-boot-starter-json/2.0.3.RELEASE/2e389a8727588c549c28bb277f0f573f65554850/spring-boot-starter-json-2.0.3.RELEASE.jar:/Users/lirui/.gradle/caches/modules-2/files-2.1/org.springframework.boot/spring-boot-starter-jdbc/1.5.6.RELEASE/a2628fded329869fcdb812d7524d03376f4f64ed/spring-boot-starter-jdbc-1.5.6.RELEASE.jar:/Users/lirui/.gradle/caches/modules-2/files-2.1/org.springframework.boot/spring-boot-starter/2.0.3.RELEASE/ffaa050dbd36b0441645598f1a7ddaf67fd5e678/spring-boot-starter-2.0.3.RELEASE.jar:/Users/lirui/.gradle/caches/modules-2/files-2.1/junit/junit/4.12/2973d150c0dc1fefe998f834810d68f278ea58ec/junit-4.12.jar:/Users/lirui/.gradle/caches/modules-2/files-2.1/org.mybatis.spring.boot/mybatis-spring-boot-autoconfigure/1.3.1/af4ba7d4594459cbad87cb5561c271da26df3aa/mybatis-spring-boot-autoconfigure-1.3.1.jar:/Users/lirui/.gradle/caches/modules-2/files-2.1/org.springframework.boot/spring-boot-test-autoconfigure/2.0.3.RELEASE/54e7d2167f2b926bf16a0ef8b91b6bfbd43826e7/spring-boot-test-autoconfigure-2.0.3.RELEASE.jar:/Users/lirui/.gradle/caches/modules-2/files-2.1/org.springframework.boot/spring-boot-autoconfigure/2.0.3.RELEASE/11bc4cc96b08fabad2b3186755818fa0b32d83f/spring-boot-autoconfigure-2.0.3.RELEASE.jar:/Users/lirui/.gradle/caches/modules-2/files-2.1/org.springframework.boot/spring-boot-test/2.0.3.RELEASE/5c9b4bb6cfce9ef6e53a0ff5fc4a7ff2867871d8/spring-boot-test-2.0.3.RELEASE.jar:/Users/lirui/.gradle/caches/modules-2/files-2.1/org.springframework.boot/spring-boot/2.0.3.RELEASE/b874870d915adbc3dd932e19077d3d45c8e54aa0/spring-boot-2.0.3.RELEASE.jar:/Users/lirui/.gradle/caches/modules-2/files-2.1/org.springframework.boot/spring-boot-starter-logging/2.0.3.RELEASE/7caad34f01d2688919e15e09a90467963e3d5190/spring-boot-starter-logging-2.0.3.RELEASE.jar:/Users/lirui/.gradle/caches/modules-2/files-2.1/org.springframework.boot/spring-boot-starter-tomcat/2.0.3.RELEASE/25a51a75bfb997b7b95d6760178ee3303863ec4b/spring-boot-starter-tomcat-2.0.3.RELEASE.jar:/Users/lirui/.gradle/caches/modules-2/files-2.1/javax.annotation/javax.annotation-api/1.3.2/934c04d3cfef185a8008e7bf34331b79730a9d43/javax.annotation-api-1.3.2.jar:/Users/lirui/.gradle/caches/modules-2/files-2.1/org.springframework/spring-webmvc/5.0.7.RELEASE/751c871527ec7ff335ffc76f2e737e297c0a8d30/spring-webmvc-5.0.7.RELEASE.jar:/Users/lirui/.gradle/caches/modules-2/files-2.1/org.springframework/spring-web/5.0.7.RELEASE/2e04c6c2922fbfa06b5948be14a5782db168b6ec/spring-web-5.0.7.RELEASE.jar:/Users/lirui/.gradle/caches/modules-2/files-2.1/org.springframework/spring-test/5.0.7.RELEASE/bcb7505a316ea34b7e9a7ae5d4921be5b475c02d/spring-test-5.0.7.RELEASE.jar:/Users/lirui/.gradle/caches/modules-2/files-2.1/org.springframework.data/spring-data-redis/2.0.8.RELEASE/2cc8ad667c12fac887909d33e3ca08478a5bad45/spring-data-redis-2.0.8.RELEASE.jar:/Users/lirui/.gradle/caches/modules-2/files-2.1/org.springframework.data/spring-data-keyvalue/2.0.8.RELEASE/f774c9cbf07dba0426066308c48fe0e0fc3a276b/spring-data-keyvalue-2.0.8.RELEASE.jar:/Users/lirui/.gradle/caches/modules-2/files-2.1/org.springframework/spring-context-support/5.0.7.RELEASE/e8ee4902d9d8bfbb21bc5e8f30cfbb4324adb4f3/spring-context-support-5.0.7.RELEASE.jar:/Users/lirui/.gradle/caches/modules-2/files-2.1/org.springframework/spring-context/5.0.7.RELEASE/243a23f8968de8754d8199d669780d683ab177bd/spring-context-5.0.7.RELEASE.jar:/Users/lirui/.gradle/caches/modules-2/files-2.1/org.springframework/spring-aop/5.0.7.RELEASE/fdd0b6aa3c9c7a188c3bfbf6dfd8d40e843be9ef/spring-aop-5.0.7.RELEASE.jar:/Users/lirui/.gradle/caches/modules-2/files-2.1/org.springframework/spring-oxm/5.0.7.RELEASE/d85d5116e7673c2cf369491e5f34e23d2089eec3/spring-oxm-5.0.7.RELEASE.jar:/Users/lirui/.gradle/caches/modules-2/files-2.1/org.springframework/spring-jdbc/4.3.10.RELEASE/91e2f69e633f8eac5d5ef516595556ab7db87f3d/spring-jdbc-4.3.10.RELEASE.jar:/Users/lirui/.gradle/caches/modules-2/files-2.1/org.springframework.data/spring-data-commons/2.0.8.RELEASE/5c19af63b5acb0eab39066684e813d5ecd9d03b7/spring-data-commons-2.0.8.RELEASE.jar:/Users/lirui/.gradle/caches/modules-2/files-2.1/org.springframework/spring-tx/5.0.7.RELEASE/4ca59b21c61162adb146ad1b40c30b60d8dc42b8/spring-tx-5.0.7.RELEASE.jar:/Users/lirui/.gradle/caches/modules-2/files-2.1/org.springframework/spring-beans/5.0.7.RELEASE/c1196cb3e56da83e3c3a02ef323699f4b05feedc/spring-beans-5.0.7.RELEASE.jar:/Users/lirui/.gradle/caches/modules-2/files-2.1/org.springframework/spring-expression/5.0.7.RELEASE/ca01fb473f53dd0ee3c85663b26d5dc325602057/spring-expression-5.0.7.RELEASE.jar:/Users/lirui/.gradle/caches/modules-2/files-2.1/org.springframework/spring-core/5.0.7.RELEASE/54b731178d81e66eca9623df772ff32718208137/spring-core-5.0.7.RELEASE.jar:/Users/lirui/.gradle/caches/modules-2/files-2.1/org.yaml/snakeyaml/1.19/2d998d3d674b172a588e54ab619854d073f555b5/snakeyaml-1.19.jar:/Users/lirui/.gradle/caches/modules-2/files-2.1/org.hibernate.validator/hibernate-validator/6.0.10.Final/4236051a8d209c00f85e70918d5e26d9f3e5201e/hibernate-validator-6.0.10.Final.jar:/Users/lirui/.gradle/caches/modules-2/files-2.1/io.lettuce/lettuce-core/5.0.4.RELEASE/ff59baa993b5ee0111cf6c5eeab004609f85a9e5/lettuce-core-5.0.4.RELEASE.jar:/Users/lirui/.gradle/caches/modules-2/files-2.1/org.mybatis/mybatis/3.4.5/5200759b13f70652995fd206a52fdc98b01c65cd/mybatis-3.4.5.jar:/Users/lirui/.gradle/caches/modules-2/files-2.1/org.mybatis/mybatis-spring/1.3.1/5197169e15a43066f177a1cd12a098e1283fdc76/mybatis-spring-1.3.1.jar:/Users/lirui/.gradle/caches/modules-2/files-2.1/org.hamcrest/hamcrest-library/1.3/4785a3c21320980282f9f33d0d1264a69040538f/hamcrest-library-1.3.jar:/Users/lirui/.gradle/caches/modules-2/files-2.1/org.hamcrest/hamcrest-core/1.3/42a25dc3219429f0e5d060061f71acb49bf010a0/hamcrest-core-1.3.jar:/Users/lirui/.gradle/caches/modules-2/files-2.1/com.jayway.jsonpath/json-path/2.4.0/765a4401ceb2dc8d40553c2075eb80a8fa35c2ae/json-path-2.4.0.jar:/Users/lirui/.gradle/caches/modules-2/files-2.1/org.assertj/assertj-core/3.9.1/c5ce126b15f28d56cd8f960c1a6a058b9c9aea87/assertj-core-3.9.1.jar:/Users/lirui/.gradle/caches/modules-2/files-2.1/org.mockito/mockito-core/2.15.0/b84bfbbc29cd22c9529409627af6ea2897f4fa85/mockito-core-2.15.0.jar:/Users/lirui/.gradle/caches/modules-2/files-2.1/org.skyscreamer/jsonassert/1.5.0/6c9d5fe2f59da598d9aefc1cfc6528ff3cf32df3/jsonassert-1.5.0.jar:/Users/lirui/.gradle/caches/modules-2/files-2.1/org.xmlunit/xmlunit-core/2.5.1/4ffdb346572a7356f7521cd3119ce5287d2e339d/xmlunit-core-2.5.1.jar:/Users/lirui/.gradle/caches/modules-2/files-2.1/ch.qos.logback/logback-classic/1.2.3/7c4f3c474fb2c041d8028740440937705ebb473a/logback-classic-1.2.3.jar:/Users/lirui/.gradle/caches/modules-2/files-2.1/org.apache.logging.log4j/log4j-to-slf4j/2.10.0/f7e631ccf49cfc0aefa4a2a728da7d374c05bd3c/log4j-to-slf4j-2.10.0.jar:/Users/lirui/.gradle/caches/modules-2/files-2.1/org.slf4j/jul-to-slf4j/1.7.25/af5364cd6679bfffb114f0dec8a157aaa283b76/jul-to-slf4j-1.7.25.jar:/Users/lirui/.gradle/caches/modules-2/files-2.1/org.springframework/spring-jcl/5.0.7.RELEASE/699016ddf454c2c167d9f84ae5777eccadf54728/spring-jcl-5.0.7.RELEASE.jar:/Users/lirui/.gradle/caches/modules-2/files-2.1/com.fasterxml.jackson.datatype/jackson-datatype-jdk8/2.9.6/456895fc91bf7180b216fead220373e6278230c9/jackson-datatype-jdk8-2.9.6.jar:/Users/lirui/.gradle/caches/modules-2/files-2.1/com.fasterxml.jackson.datatype/jackson-datatype-jsr310/2.9.6/ea54f6193d224e5e5732bbd4262327eb465397c2/jackson-datatype-jsr310-2.9.6.jar:/Users/lirui/.gradle/caches/modules-2/files-2.1/com.fasterxml.jackson.module/jackson-module-parameter-names/2.9.6/129acd77a4b6ee30d62d3a0899b1344c8ec2bff8/jackson-module-parameter-names-2.9.6.jar:/Users/lirui/.gradle/caches/modules-2/files-2.1/com.fasterxml.jackson.core/jackson-databind/2.9.6/cfa4f316351a91bfd95cb0644c6a2c95f52db1fc/jackson-databind-2.9.6.jar:/Users/lirui/.gradle/caches/modules-2/files-2.1/org.apache.tomcat.embed/tomcat-embed-websocket/8.5.31/6564e716b89de5eaa0dd234ae7989576503ddf3/tomcat-embed-websocket-8.5.31.jar:/Users/lirui/.gradle/caches/modules-2/files-2.1/org.apache.tomcat.embed/tomcat-embed-core/8.5.31/f5adf7ed8c34aa005b22b6a2dc7b6796e10e9c79/tomcat-embed-core-8.5.31.jar:/Users/lirui/.gradle/caches/modules-2/files-2.1/org.apache.tomcat.embed/tomcat-embed-el/8.5.31/3a536e1ac71b82627c3a7408eb38fa0704cb9034/tomcat-embed-el-8.5.31.jar:/Users/lirui/.gradle/caches/modules-2/files-2.1/javax.validation/validation-api/2.0.1.Final/cb855558e6271b1b32e716d24cb85c7f583ce09e/validation-api-2.0.1.Final.jar:/Users/lirui/.gradle/caches/modules-2/files-2.1/org.jboss.logging/jboss-logging/3.3.2.Final/3789d00e859632e6c6206adc0c71625559e6e3b0/jboss-logging-3.3.2.Final.jar:/Users/lirui/.gradle/caches/modules-2/files-2.1/com.fasterxml/classmate/1.3.4/3d5f48f10bbe4eb7bd862f10c0583be2e0053c6/classmate-1.3.4.jar:/Users/lirui/.gradle/caches/modules-2/files-2.1/org.slf4j/slf4j-api/1.7.25/da76ca59f6a57ee3102f8f9bd9cee742973efa8a/slf4j-api-1.7.25.jar:/Users/lirui/.gradle/caches/modules-2/files-2.1/io.projectreactor/reactor-core/3.1.6.RELEASE/64dfad0f0a0e9022c949d678106d53f083b66d05/reactor-core-3.1.6.RELEASE.jar:/Users/lirui/.gradle/caches/modules-2/files-2.1/io.netty/netty-handler/4.1.24.Final/bad56e7da211c5ebe031ae155cb648b1065c7bb6/netty-handler-4.1.24.Final.jar:/Users/lirui/.gradle/caches/modules-2/files-2.1/io.netty/netty-codec/4.1.24.Final/290857e5103956bbda11836e33245f2439226b77/netty-codec-4.1.24.Final.jar:/Users/lirui/.gradle/caches/modules-2/files-2.1/io.netty/netty-transport/4.1.24.Final/d37292c94d3a4cba48d9b6cfb6e8e55282035d0d/netty-transport-4.1.24.Final.jar:/Users/lirui/.gradle/caches/modules-2/files-2.1/io.netty/netty-buffer/4.1.24.Final/e354bed2e60b568307138e403f55ba241c1c16d2/netty-buffer-4.1.24.Final.jar:/Users/lirui/.gradle/caches/modules-2/files-2.1/io.netty/netty-resolver/4.1.24.Final/dbc1e5b50d31aed883ea3beeb6489e1977d0687f/netty-resolver-4.1.24.Final.jar:/Users/lirui/.gradle/caches/modules-2/files-2.1/io.netty/netty-common/4.1.24.Final/7eeecd7906543214c3c1c984d275d3c6de10b99d/netty-common-4.1.24.Final.jar:/Users/lirui/.gradle/caches/modules-2/files-2.1/org.apache.tomcat/tomcat-jdbc/8.5.16/c4b7a82f4f4276f0c76e9db11fb2653e6582bfb3/tomcat-jdbc-8.5.16.jar:/Users/lirui/.gradle/caches/modules-2/files-2.1/net.minidev/json-smart/2.3/7396407491352ce4fa30de92efb158adb76b5b/json-smart-2.3.jar:/Users/lirui/.gradle/caches/modules-2/files-2.1/net.bytebuddy/byte-buddy/1.7.9/51218a01a882c04d0aba8c028179cce488bbcb58/byte-buddy-1.7.9.jar:/Users/lirui/.gradle/caches/modules-2/files-2.1/net.bytebuddy/byte-buddy-agent/1.7.9/a6c65f9da7f467ee1f02ff2841ffd3155aee2fc9/byte-buddy-agent-1.7.9.jar:/Users/lirui/.gradle/caches/modules-2/files-2.1/org.objenesis/objenesis/2.6/639033469776fd37c08358c6b92a4761feb2af4b/objenesis-2.6.jar:/Users/lirui/.gradle/caches/modules-2/files-2.1/com.vaadin.external.google/android-json/0.0.20131108.vaadin1/fa26d351fe62a6a17f5cda1287c1c6110dec413f/android-json-0.0.20131108.vaadin1.jar:/Users/lirui/.gradle/caches/modules-2/files-2.1/ch.qos.logback/logback-core/1.2.3/864344400c3d4d92dfeb0a305dc87d953677c03c/logback-core-1.2.3.jar:/Users/lirui/.gradle/caches/modules-2/files-2.1/org.apache.logging.log4j/log4j-api/2.10.0/fec5797a55b786184a537abd39c3fa1449d752d6/log4j-api-2.10.0.jar:/Users/lirui/.gradle/caches/modules-2/files-2.1/com.fasterxml.jackson.core/jackson-annotations/2.9.0/7c10d545325e3a6e72e06381afe469fd40eb701/jackson-annotations-2.9.0.jar:/Users/lirui/.gradle/caches/modules-2/files-2.1/com.fasterxml.jackson.core/jackson-core/2.9.6/4e393793c37c77e042ccc7be5a914ae39251b365/jackson-core-2.9.6.jar:/Users/lirui/.gradle/caches/modules-2/files-2.1/org.reactivestreams/reactive-streams/1.0.2/323964c36556eb0e6209f65c1cef72b53b461ab8/reactive-streams-1.0.2.jar:/Users/lirui/.gradle/caches/modules-2/files-2.1/org.apache.tomcat/tomcat-juli/8.5.16/e9e65481ee92eaf7dace280320f28139d485c958/tomcat-juli-8.5.16.jar:/Users/lirui/.gradle/caches/modules-2/files-2.1/net.minidev/accessors-smart/1.2/c592b500269bfde36096641b01238a8350f8aa31/accessors-smart-1.2.jar:/Users/lirui/.gradle/caches/modules-2/files-2.1/org.apache.tomcat/tomcat-annotations-api/8.5.31/f0758d8b5d1404cc25f98945bdd5959699658b4a/tomcat-annotations-api-8.5.31.jar:/Users/lirui/.gradle/caches/modules-2/files-2.1/org.ow2.asm/asm/5.0.4/da08b8cce7bbf903602a25a3a163ae252435795/asm-5.0.4.jar, user.name=lirui, java.vm.specification.version=1.8, sun.java.command=worker.org.gradle.process.internal.worker.GradleWorkerMain 'Gradle Test Executor 3', java.home=/user/local/jdk1.8.0_121.jdk/Contents/Home/jre, sun.arch.data.model=64, user.language=zh, java.specification.vendor=Oracle Corporation, awt.toolkit=sun.lwawt.macosx.LWCToolkit, java.vm.info=mixed mode, java.version=1.8.0_121, java.ext.dirs=/Users/lirui/Library/Java/Extensions:/user/local/jdk1.8.0_121.jdk/Contents/Home/jre/lib/ext:/Library/Java/Extensions:/Network/Library/Java/Extensions:/System/Library/Java/Extensions:/usr/lib/java, sun.boot.class.path=/user/local/jdk1.8.0_121.jdk/Contents/Home/jre/lib/resources.jar:/user/local/jdk1.8.0_121.jdk/Contents/Home/jre/lib/rt.jar:/user/local/jdk1.8.0_121.jdk/Contents/Home/jre/lib/sunrsasign.jar:/user/local/jdk1.8.0_121.jdk/Contents/Home/jre/lib/jsse.jar:/user/local/jdk1.8.0_121.jdk/Contents/Home/jre/lib/jce.jar:/user/local/jdk1.8.0_121.jdk/Contents/Home/jre/lib/charsets.jar:/user/local/jdk1.8.0_121.jdk/Contents/Home/jre/lib/jfr.jar:/user/local/jdk1.8.0_121.jdk/Contents/Home/jre/classes, java.vendor=Oracle Corporation, org.gradle.test.worker=3, file.separator=/, java.vendor.url.bug=http://bugreport.sun.com/bugreport/, sun.io.unicode.encoding=UnicodeBig, sun.cpu.endian=little, sun.cpu.isalist=}}, SystemEnvironmentPropertySource@1126422080 {name='systemEnvironment', properties={PATH=/Users/lirui/anaconda3/bin:/usr/local/bin:/usr/bin:/bin:/usr/sbin:/sbin:/usr/local/Cellar/hadoop/3.0.0/sbin:/usr/local/Cellar/hadoop/3.0.0/bin:/usr/local/Cellar/gradle/4.7/bin/bin:/user/local/jdk1.8.0_121.jdk/Contents/Home/bin:/user/local/apache-tomcat-8.0.41/bin:/Users/lirui/Documents/tools/for-code/zk/bin:/Users/lirui/Documents/tools/for-code/hadoop-3.1.0/bin:/usr/local/Cellar/rabbitmq/3.7.4/sbin, ZDOTDIR=, JAVA_HOME=/user/local/jdk1.8.0_121.jdk/Contents/Home, TERM=xterm-256color, GRADLE_HOME=/usr/local/Cellar/gradle/4.7/bin, LOGNAME=lirui, TOMCAT_HOME=/user/local/apache-tomcat-8.0.41, XPC_SERVICE_NAME=0, PWD=/Users/lirui/Documents/code/project-for-java/rayson/rayson, JAVA_MAIN_CLASS_12387=worker.org.gradle.process.internal.worker.GradleWorkerMain, SHELL=/bin/zsh, JAVA_MAIN_CLASS_12369=org.gradle.wrapper.GradleWrapperMain, PAGER=less, LSCOLORS=Gxfxcxdxbxegedabagacad, APP_ICON_12369=/Users/lirui/Documents/code/project-for-java/rayson/rayson/media/gradle.icns, OLDPWD=/Users/lirui/Documents/code/project-for-java/rayson/rayson, APP_NAME_12369=Gradle, USER=lirui, ZSH=/Users/lirui/.oh-my-zsh, TMPDIR=/var/folders/99/7w9q3tt556d5zcf07btnq2gm0000gn/T/, SSH_AUTH_SOCK=/private/tmp/com.apple.launchd.zK4xYTJdYS/Listeners, RABBITMQ_HOME=/usr/local/Cellar/rabbitmq/3.7.4, XPC_FLAGS=0x0, HADOOP_HOME=/Users/lirui/Documents/tools/for-code/hadoop-3.1.0, __CF_USER_TEXT_ENCODING=0x1F5:0x19:0x34, Apple_PubSub_Socket_Render=/private/tmp/com.apple.launchd.YbvIbyKIpG/Render, LESS=-R, LC_CTYPE=en_US.UTF-8, HOME=/Users/lirui, SHLVL=1, ZOOKEEPER_HOME=/Users/lirui/Documents/tools/for-code/zk}}]
15:45:44.020 [Test worker] DEBUG org.springframework.test.context.support.TestPropertySourceUtils - Adding inlined properties to environment: {spring.jmx.enabled=false, org.springframework.boot.test.context.SpringBootTestContextBootstrapper=true, server.port=-1}
15:45:44.020 [Test worker] DEBUG org.springframework.core.env.StandardEnvironment - Adding PropertySource 'Inlined Test Properties' with highest search precedence

  .   ____          _            __ _ _
 /\\ / ___'_ __ _ _(_)_ __  __ _ \ \ \ \
( ( )\___ | '_ | '_| | '_ \/ _` | \ \ \ \
 \\/  ___)| |_)| | | | | || (_| |  ) ) ) )
  '  |____| .__|_| |_|_| |_\__, | / / / /
 =========|_|==============|___/=/_/_/_/
 :: Spring Boot ::        (v2.0.3.RELEASE)

2018-08-27 15:45:45.202  INFO 12387 --- [    Test worker] org.rayson.BaseTest                      : Starting BaseTest on liruideMacBook-Pro.local with PID 12387 (started by lirui in /Users/lirui/Documents/code/project-for-java/rayson/rayson)
2018-08-27 15:45:45.204  INFO 12387 --- [    Test worker] org.rayson.BaseTest                      : The following profiles are active: dev
2018-08-27 15:45:45.276  INFO 12387 --- [    Test worker] o.s.w.c.s.GenericWebApplicationContext   : Refreshing org.springframework.web.context.support.GenericWebApplicationContext@6c940267: startup date [Mon Aug 27 15:45:45 CST 2018]; root of context hierarchy
2018-08-27 15:45:46.497  INFO 12387 --- [    Test worker] .s.d.r.c.RepositoryConfigurationDelegate : Multiple Spring Data modules found, entering strict repository configuration mode!
2018-08-27 15:45:47.535  INFO 12387 --- [    Test worker] trationDelegate$BeanPostProcessorChecker : Bean 'org.springframework.transaction.annotation.ProxyTransactionManagementConfiguration' of type [org.springframework.transaction.annotation.ProxyTransactionManagementConfiguration$$EnhancerBySpringCGLIB$$b8722f78] is not eligible for getting processed by all BeanPostProcessors (for example: not eligible for auto-proxying)
2018-08-27 15:45:49.208  INFO 12387 --- [    Test worker] o.s.w.s.handler.SimpleUrlHandlerMapping  : Mapped URL path [/**/favicon.ico] onto handler of type [class org.springframework.web.servlet.resource.ResourceHttpRequestHandler]
2018-08-27 15:45:49.693  INFO 12387 --- [    Test worker] s.w.s.m.m.a.RequestMappingHandlerAdapter : Looking for @ControllerAdvice: org.springframework.web.context.support.GenericWebApplicationContext@6c940267: startup date [Mon Aug 27 15:45:45 CST 2018]; root of context hierarchy
2018-08-27 15:45:49.842  INFO 12387 --- [    Test worker] s.w.s.m.m.a.RequestMappingHandlerMapping : Mapped "{[/user/id/{id}],methods=[GET]}" onto public org.rayson.user.User org.rayson.user.UserController.getById(java.lang.Integer)
2018-08-27 15:45:49.852  INFO 12387 --- [    Test worker] s.w.s.m.m.a.RequestMappingHandlerMapping : Mapped "{[/error]}" onto public org.springframework.http.ResponseEntity<java.util.Map<java.lang.String, java.lang.Object>> org.springframework.boot.autoconfigure.web.servlet.error.BasicErrorController.error(javax.servlet.http.HttpServletRequest)
2018-08-27 15:45:49.856  INFO 12387 --- [    Test worker] s.w.s.m.m.a.RequestMappingHandlerMapping : Mapped "{[/error],produces=[text/html]}" onto public org.springframework.web.servlet.ModelAndView org.springframework.boot.autoconfigure.web.servlet.error.BasicErrorController.errorHtml(javax.servlet.http.HttpServletRequest,javax.servlet.http.HttpServletResponse)
2018-08-27 15:45:49.927  INFO 12387 --- [    Test worker] o.s.w.s.handler.SimpleUrlHandlerMapping  : Mapped URL path [/webjars/**] onto handler of type [class org.springframework.web.servlet.resource.ResourceHttpRequestHandler]
2018-08-27 15:45:49.935  INFO 12387 --- [    Test worker] o.s.w.s.handler.SimpleUrlHandlerMapping  : Mapped URL path [/**] onto handler of type [class org.springframework.web.servlet.resource.ResourceHttpRequestHandler]
2018-08-27 15:45:50.724  INFO 12387 --- [    Test worker] org.rayson.BaseTest                      : Started BaseTest in 6.688 seconds (JVM running for 8.512)
]]></system-out>
  <system-err><![CDATA[]]></system-err>
</testsuite>
